<?xml version="1.0" encoding="UTF-8"?>
<!-- Generated by org.testng.reporters.JUnitReportReporter -->
<testsuite skipped="0" hostname="LAPTOP-0DQDFNNV" name="PageObject.PageObjectModel_1.NaukriTestCase" tests="1" failures="0" timestamp="20 Aug 2020 14:36:27 GMT" time="16.135" errors="0">
  <testcase name="m1" time="16.135" classname="PageObject.PageObjectModel_1.NaukriTestCase"/>
</testsuite> <!-- PageObject.PageObjectModel_1.NaukriTestCase -->
