<?xml version="1.0" encoding="UTF-8"?>
<!-- Generated by org.testng.reporters.JUnitReportReporter -->
<testsuite skipped="0" hostname="LAPTOP-0DQDFNNV" name="PageObject.PageObjectModel_1.NaukriTestCase" tests="1" failures="0" timestamp="02 Sep 2020 13:11:17 GMT" time="14.919" errors="0">
  <testcase name="m1" time="14.919" classname="PageObject.PageObjectModel_1.NaukriTestCase"/>
</testsuite> <!-- PageObject.PageObjectModel_1.NaukriTestCase -->
